
=== Sun Aug 22 11:02:22 2021

Packages were changed.
Update Mode: mergeDefaultDependencies

The following packages were updated:
  com.unity.collab-proxy from version 1.3.9 to 1.5.7
  com.unity.ide.visualstudio from version 2.0.7 to 2.0.9
  com.unity.test-framework from version 1.1.22 to 1.1.26
  com.unity.textmeshpro from version 3.0.1 to 3.0.6
  com.unity.timeline from version 1.4.6 to 1.4.8
  com.unity.xr.management from version 4.0.1 to 4.0.5
  com.unity.xr.oculus from version 1.8.1 to 1.9.1
  com.unity.xr.openxr from version 1.0.2 to 1.2.0

=== Sun Sep  4 11:00:59 2022

Packages were changed.
Update Mode: updateDependencies

The following packages were updated:
  com.unity.collab-proxy from version 1.3.9 to 1.17.2
  com.unity.ide.rider from version 2.0.7 to 3.0.15
  com.unity.ide.visualstudio from version 2.0.5 to 2.0.16
  com.unity.ide.vscode from version 1.2.3 to 1.2.5
  com.unity.test-framework from version 1.1.22 to 1.1.31
  com.unity.textmeshpro from version 3.0.1 to 3.0.6
  com.unity.timeline from version 1.4.6 to 1.6.4
  com.unity.xr.interaction.toolkit from version 1.0.0-pre.2 to 2.0.2
  com.unity.xr.management from version 4.0.1 to 4.2.0
  com.unity.xr.oculus from version 1.7.0 to 3.0.2
  com.unity.xr.openxr from version 1.0.2 to 1.4.2
